Molecular Dynamics
Job launching command:
$SCHRODINGER/utilities/multisim -VIEWNAME desmond_molecular_dynamics_gui.MDApp -JOBNAME iaa_simulation_5ns -HOST localhost -maxjob 1 -cpu 1 -m iaa_simulation_5ns.msj -c iaa_simulation_5ns.cfg -description "Molecular Dynamics" iaa_simulation_5ns.cms -mode umbrella -PROJ /home/nano-tech/.schrodinger/tmp/Tmp_07May2024_1622_38249 -DISP append -o iaa_simulation_5ns-out.cms -lic DESMOND_ACADEMIC:16

Multisim runs in the umbrella mode.
Booting the multisim workflow engine...
           multisim version: 4.0.0
            mmshare version: 5.7
                    Jobname: iaa_simulation_5ns
                   Username: nano-tech
              Main job host: undetected
                Subjob host: nanotech-Precision-3650-Tower
                     Job ID: nanotech-Precision-3650-Tower-0-663a0b39
            multisim script: iaa_simulation_5ns.msj
       Structure input file: iaa_simulation_5ns.cms
            CPUs per subjob: "1"
             Job start time: Tue May  7 16:36:35 2024
           Launch directory: /home/nano-tech/Desktop/iaa_sakshi/iaa_simulation_5ns
               $SCHRODINGER: /opt/schrodinger2022-1
               $OPLS_DIR: <empty>

Parsing the multisim script file...

Summary of user stages:
  stage 1 - task
  stage 2 - simulate, Brownian Dynamics NVT, T = 10 K, small timesteps, and restraints on solute heavy atoms, 100ps
  stage 3 - simulate, NVT, T = 10 K, small timesteps, and restraints on solute heavy atoms, 12ps
  stage 4 - simulate, NPT, T = 10 K, and restraints on solute heavy atoms, 12ps
  stage 5 - simulate, NPT and restraints on solute heavy atoms, 12ps
  stage 6 - simulate, NPT and no restraints, 24ps
  stage 7 - simulate
(7 stages in total)

Workflow is started now.

Stage 1 - task
stage[1] task: Detecting system type...
stage[1] task:   It seems a mature model system created for regular molecular dynamics simulations
stage[1] task: Recognizing traits of system...
stage[1] task:   (none)

Stage 1 completed successfully.

Stage 1 duration: 0h 0' 0"


Stage 2 - simulate

Running subjobs on hosts:
  nanotech-Precision-3650-Tower (Max: 1)
Number of jobs:       1
Max retries per job:  3
Max allowed failures: unlimited
Verbosity:            normal

Starting JobDJ...

Keep one job on driver host: False
JobDJ columns:
  C: Number of completed subjobs
  A: Number of active subjobs (e.g., submitted, running)
  W: Number of waiting/pending subjobs

C A W | Activity  JobId  JobName  JobHost
- - - | --------- -----------------------
0 1 0 | launched  nanotech-Precision-3650-Tower-0-663a0b3f iaa_simulation_5ns_2 nanotech-Precision-3650-Tower
1 0 0 | finished  nanotech-Precision-3650-Tower-0-663a0b3f iaa_simulation_5ns_2 nanotech-Precision-3650-Tower

All jobs have completed.

1 of 1 job(s) succeeded; 0 job(s) failed.


Job("nanotech-Precision-3650-Tower-0-663a0b3f") was successfully finished.
  Host       : localhost
  Launch time: Tue May  7 16:36:39 2024
  Start time : Tue May  7 16:36:39 2024
  End time   : Tue May  7 16:37:10 2024
  Duration   : 0h 0' 31"
  CPUs       : 1
  CPU time   : 0h 0' 31"
  Exit code  : 0
  Jobname    : iaa_simulation_5ns_2
  Stage      : 2 (simulate)

Stage 2 completed successfully.

Stage 2 duration: 0h 0' 34"


Stage 3 - simulate

Running subjobs on hosts:
  nanotech-Precision-3650-Tower (Max: 1)
Number of jobs:       1
Max retries per job:  3
Max allowed failures: unlimited
Verbosity:            normal

Starting JobDJ...

Keep one job on driver host: False
JobDJ columns:
  C: Number of completed subjobs
  A: Number of active subjobs (e.g., submitted, running)
  W: Number of waiting/pending subjobs

C A W | Activity  JobId  JobName  JobHost
- - - | --------- -----------------------
0 1 0 | launched  nanotech-Precision-3650-Tower-0-663a0b61 iaa_simulation_5ns_3 nanotech-Precision-3650-Tower
1 0 0 | finished  nanotech-Precision-3650-Tower-0-663a0b61 iaa_simulation_5ns_3 nanotech-Precision-3650-Tower

All jobs have completed.

1 of 1 job(s) succeeded; 0 job(s) failed.


Job("nanotech-Precision-3650-Tower-0-663a0b61") was successfully finished.
  Host       : localhost
  Launch time: Tue May  7 16:37:13 2024
  Start time : Tue May  7 16:37:13 2024
  End time   : Tue May  7 16:37:25 2024
  Duration   : 0h 0' 12"
  CPUs       : 1
  CPU time   : 0h 0' 12"
  Exit code  : 0
  Jobname    : iaa_simulation_5ns_3
  Stage      : 3 (simulate)

Stage 3 completed successfully.

Stage 3 duration: 0h 0' 16"


Stage 4 - simulate

Running subjobs on hosts:
  nanotech-Precision-3650-Tower (Max: 1)
Number of jobs:       1
Max retries per job:  3
Max allowed failures: unlimited
Verbosity:            normal

Starting JobDJ...

Keep one job on driver host: False
JobDJ columns:
  C: Number of completed subjobs
  A: Number of active subjobs (e.g., submitted, running)
  W: Number of waiting/pending subjobs

C A W | Activity  JobId  JobName  JobHost
- - - | --------- -----------------------
0 1 0 | launched  nanotech-Precision-3650-Tower-0-663a0b71 iaa_simulation_5ns_4 nanotech-Precision-3650-Tower
1 0 0 | finished  nanotech-Precision-3650-Tower-0-663a0b71 iaa_simulation_5ns_4 nanotech-Precision-3650-Tower

All jobs have completed.

1 of 1 job(s) succeeded; 0 job(s) failed.


Job("nanotech-Precision-3650-Tower-0-663a0b71") was successfully finished.
  Host       : localhost
  Launch time: Tue May  7 16:37:29 2024
  Start time : Tue May  7 16:37:29 2024
  End time   : Tue May  7 16:37:41 2024
  Duration   : 0h 0' 12"
  CPUs       : 1
  CPU time   : 0h 0' 12"
  Exit code  : 0
  Jobname    : iaa_simulation_5ns_4
  Stage      : 4 (simulate)

Stage 4 completed successfully.

Stage 4 duration: 0h 0' 15"


Stage 5 - simulate

Running subjobs on hosts:
  nanotech-Precision-3650-Tower (Max: 1)
Number of jobs:       1
Max retries per job:  3
Max allowed failures: unlimited
Verbosity:            normal

Starting JobDJ...

Keep one job on driver host: False
JobDJ columns:
  C: Number of completed subjobs
  A: Number of active subjobs (e.g., submitted, running)
  W: Number of waiting/pending subjobs

C A W | Activity  JobId  JobName  JobHost
- - - | --------- -----------------------
0 1 0 | launched  nanotech-Precision-3650-Tower-0-663a0b81 iaa_simulation_5ns_5 nanotech-Precision-3650-Tower
1 0 0 | finished  nanotech-Precision-3650-Tower-0-663a0b81 iaa_simulation_5ns_5 nanotech-Precision-3650-Tower

All jobs have completed.

1 of 1 job(s) succeeded; 0 job(s) failed.


Job("nanotech-Precision-3650-Tower-0-663a0b81") was successfully finished.
  Host       : localhost
  Launch time: Tue May  7 16:37:45 2024
  Start time : Tue May  7 16:37:45 2024
  End time   : Tue May  7 16:37:57 2024
  Duration   : 0h 0' 12"
  CPUs       : 1
  CPU time   : 0h 0' 12"
  Exit code  : 0
  Jobname    : iaa_simulation_5ns_5
  Stage      : 5 (simulate)

Stage 5 completed successfully.

Stage 5 duration: 0h 0' 16"


Stage 6 - simulate

Running subjobs on hosts:
  nanotech-Precision-3650-Tower (Max: 1)
Number of jobs:       1
Max retries per job:  3
Max allowed failures: unlimited
Verbosity:            normal

Starting JobDJ...

Keep one job on driver host: False
JobDJ columns:
  C: Number of completed subjobs
  A: Number of active subjobs (e.g., submitted, running)
  W: Number of waiting/pending subjobs

C A W | Activity  JobId  JobName  JobHost
- - - | --------- -----------------------
0 1 0 | launched  nanotech-Precision-3650-Tower-0-663a0b91 iaa_simulation_5ns_6 nanotech-Precision-3650-Tower
1 0 0 | finished  nanotech-Precision-3650-Tower-0-663a0b91 iaa_simulation_5ns_6 nanotech-Precision-3650-Tower

All jobs have completed.

1 of 1 job(s) succeeded; 0 job(s) failed.


Job("nanotech-Precision-3650-Tower-0-663a0b91") was successfully finished.
  Host       : localhost
  Launch time: Tue May  7 16:38:01 2024
  Start time : Tue May  7 16:38:01 2024
  End time   : Tue May  7 16:38:15 2024
  Duration   : 0h 0' 14"
  CPUs       : 1
  CPU time   : 0h 0' 14"
  Exit code  : 0
  Jobname    : iaa_simulation_5ns_6
  Stage      : 6 (simulate)

Stage 6 completed successfully.

Stage 6 duration: 0h 0' 17"


Stage 7 - simulate

Running subjobs on hosts:
  nanotech-Precision-3650-Tower (Max: 1)
Number of jobs:       1
Max retries per job:  3
Max allowed failures: unlimited
Verbosity:            normal

Starting JobDJ...

Keep one job on driver host: False
JobDJ columns:
  C: Number of completed subjobs
  A: Number of active subjobs (e.g., submitted, running)
  W: Number of waiting/pending subjobs

C A W | Activity  JobId  JobName  JobHost
- - - | --------- -----------------------
0 1 0 | launched  nanotech-Precision-3650-Tower-0-663a0ba2 iaa_simulation_5ns nanotech-Precision-3650-Tower
1 0 0 | finished  nanotech-Precision-3650-Tower-0-663a0ba2 iaa_simulation_5ns nanotech-Precision-3650-Tower

All jobs have completed.

1 of 1 job(s) succeeded; 0 job(s) failed.


Job("nanotech-Precision-3650-Tower-0-663a0ba2") was successfully finished.
  Host       : localhost
  Launch time: Tue May  7 16:38:18 2024
  Start time : Tue May  7 16:38:19 2024
  End time   : Tue May  7 16:47:24 2024
  Duration   : 0h 9' 5"
  CPUs       : 1
  CPU time   : 0h 9' 5"
  Exit code  : 0
  Jobname    : iaa_simulation_5ns
  Stage      : 7 (simulate)

Stage 7 completed successfully.

Stage 7 duration: 0h 9' 8"

Cleaning up files...

Multisim summary (Tue May  7 16:47:24 2024):
  Stage 1 completed.
  Stage 2 completed.
  Stage 3 completed.
  Stage 4 completed.
  Stage 5 completed.
  Stage 6 completed.
  Stage 7 completed.
  Total duration: 0h 10' 49"
  Total GPU time: 0h 10' 26" (used by 6 subjob(s))
Multisim completed.
[running at reduced cpu priority]
